2020-08-28 13:24:03,401  INFO - Run by: QUALITEST\ramanamma.robbi
2020-08-28 13:24:03,407  INFO - Opening C:\genesys\Genesys-Automation-master\Datasheets\CPQ_Automation_POC_Classic.xls
2020-08-28 13:24:03,599  INFO - Changing log level
2020-08-28 13:24:03,599  INFO - Log Level has successfuly changed to: TRACE
2020-08-28 13:24:03,599 DEBUG - Loading test case 'Verify Creation of New Account'
2020-08-28 13:24:03,601 DEBUG - Creating test case Verify Creation of New Account
2020-08-28 13:24:03,617 DEBUG - Loading keyword 'LoginToApplication' in app 'Classic'
2020-08-28 13:24:03,626 DEBUG - Checking in com.qualitestgroup.keywords.classic.Classic
2020-08-28 13:24:03,634 DEBUG - Loading keyword 'SelectAccountRecordType' in app 'Classic'
2020-08-28 13:24:03,634 DEBUG - Checking in com.qualitestgroup.keywords.classic.Classic
2020-08-28 13:24:03,634 DEBUG - Loading keyword 'AccountSearchByName' in app 'Classic'
2020-08-28 13:24:03,635 DEBUG - Checking in com.qualitestgroup.keywords.classic.Classic
2020-08-28 13:24:03,636 DEBUG - Loading keyword 'EnterAccountMandatoryDetails' in app 'Classic'
2020-08-28 13:24:03,636 DEBUG - Checking in com.qualitestgroup.keywords.classic.Classic
2020-08-28 13:24:03,637 DEBUG - Loading keyword 'SaveAccountDetails' in app 'Classic'
2020-08-28 13:24:03,637 DEBUG - Checking in com.qualitestgroup.keywords.classic.Classic
2020-08-28 13:24:03,638 DEBUG - Loading keyword 'CreateContactFromAccount' in app 'Classic'
2020-08-28 13:24:03,639 DEBUG - Checking in com.qualitestgroup.keywords.classic.Classic
2020-08-28 13:24:03,639 DEBUG - Loading keyword 'EnterContactMandatoryDetails' in app 'Classic'
2020-08-28 13:24:03,640 DEBUG - Checking in com.qualitestgroup.keywords.classic.Classic
2020-08-28 13:24:03,640 DEBUG - Loading keyword 'LogoutOfApplication' in app 'Classic'
2020-08-28 13:24:03,641 DEBUG - Checking in com.qualitestgroup.keywords.classic.Classic
2020-08-28 13:24:03,649  INFO - Checking Verify Creation of New Account's dependencies.
2020-08-28 13:24:03,649  INFO - Dependencies OK, running test.
2020-08-28 13:24:03,649  INFO - Changing log level
2020-08-28 13:24:03,650  INFO - Log Level has successfuly changed to: TRACE
2020-08-28 13:24:03,650  INFO - Changing log level
2020-08-28 13:24:03,650  INFO - Log Level has successfuly changed to: TRACE
2020-08-28 13:24:03,663  INFO - Loading test data for Verify Creation of New Account
2020-08-28 13:24:03,680  INFO - Changing log level
2020-08-28 13:24:03,680  INFO - Log Level has successfuly changed to: TRACE
2020-08-28 13:24:03,681  INFO - Verify Creation of New Account run #1
2020-08-28 13:24:03,681 DEBUG - Args: {Username=siva_surya_prasand.arivalagan@genesys.com.qa, URL=https://genesys--qa.my.salesforce.com/, Browser=Chrome, Password=S@lesforce2}
2020-08-28 13:24:03,681  INFO - Initializing keyword LoginToApplication
2020-08-28 13:24:03,681  INFO - Executing keyword LoginToApplication
2020-08-28 13:24:03,683 DEBUG - Checking in com.qualitestgroup.keywords.browser.Browser
2020-08-28 13:24:03,683 DEBUG - Checking in com.qualitestgroup.keywords.common.Browser
2020-08-28 13:24:03,689 DEBUG - Args: {Browser=Chrome}
2020-08-28 13:24:03,689  INFO - Initializing keyword Launch
2020-08-28 13:24:03,689  INFO - Executing keyword Launch
2020-08-28 13:24:10,851  INFO - Cleaning up keyword Launch
2020-08-28 13:24:10,851  INFO - Keyword Launch complete.
2020-08-28 13:24:27,831  INFO - Cleaning up keyword LoginToApplication
2020-08-28 13:24:27,832  INFO - Keyword LoginToApplication complete.
2020-08-28 13:24:28,349 DEBUG - Arguments: {Username=siva_surya_prasand.arivalagan@genesys.com.qa, URL=https://genesys--qa.my.salesforce.com/, Browser=Chrome, Password=S@lesforce2}
2020-08-28 13:24:29,816 DEBUG - <a href="screenshots/shot_2020-8-28_13h24m28s352ms.jpg">Screen Shot</a>
2020-08-28 13:24:29,817 DEBUG - Args: {RecordType=EMG - Customer Record Type}
2020-08-28 13:24:29,817  INFO - Initializing keyword SelectAccountRecordType
2020-08-28 13:24:29,818  INFO - Executing keyword SelectAccountRecordType
2020-08-28 13:24:34,675  INFO - Cleaning up keyword SelectAccountRecordType
2020-08-28 13:24:34,675  INFO - Keyword SelectAccountRecordType complete.
2020-08-28 13:24:35,030 DEBUG - Arguments: {RecordType=EMG - Customer Record Type}
2020-08-28 13:24:35,382 DEBUG - <a href="screenshots/shot_2020-8-28_13h24m35s31ms.jpg">Screen Shot</a>
2020-08-28 13:24:35,384 DEBUG - Args: {RecordType=EMG - Customer Record Type, AccountName=ACCT_0001}
2020-08-28 13:24:35,384  INFO - Initializing keyword AccountSearchByName
2020-08-28 13:24:35,385  INFO - Executing keyword AccountSearchByName
2020-08-28 13:24:42,092  INFO - Cleaning up keyword AccountSearchByName
2020-08-28 13:24:42,093  INFO - Keyword AccountSearchByName complete.
2020-08-28 13:24:42,443 DEBUG - Arguments: {RecordType=EMG - Customer Record Type, AccountName=ACCT_0001}
2020-08-28 13:24:42,847 DEBUG - <a href="screenshots/shot_2020-8-28_13h24m42s444ms.jpg">Screen Shot</a>
2020-08-28 13:24:42,848 DEBUG - Args: {AccountProfiling=OTHER|Non-Classifiable Other|Private|Business-to-Consumer|0 to 5|Sent to SSA, AccountFieldValues=Automation|Creating Account|Active|01. Active|40664|8100, ContactFieldValues=400 New York Ave|4th Lane|Near Office|Alamogordo|88310|United States|WA}
2020-08-28 13:24:42,848  INFO - Initializing keyword EnterAccountMandatoryDetails
2020-08-28 13:24:42,849  INFO - Executing keyword EnterAccountMandatoryDetails
2020-08-28 13:25:51,600  INFO - Cleaning up keyword EnterAccountMandatoryDetails
2020-08-28 13:25:51,600  INFO - Keyword EnterAccountMandatoryDetails complete.
2020-08-28 13:25:51,948 DEBUG - Arguments: {AccountProfiling=OTHER|Non-Classifiable Other|Private|Business-to-Consumer|0 to 5|Sent to SSA, AccountFieldValues=Automation|Creating Account|Active|01. Active|40664|8100, ContactFieldValues=400 New York Ave|4th Lane|Near Office|Alamogordo|88310|United States|WA}
2020-08-28 13:25:52,291 DEBUG - <a href="screenshots/shot_2020-8-28_13h25m51s948ms.jpg">Screen Shot</a>
2020-08-28 13:25:52,292 DEBUG - Args: {}
2020-08-28 13:25:52,292  INFO - Initializing keyword SaveAccountDetails
2020-08-28 13:25:52,293  INFO - Executing keyword SaveAccountDetails
2020-08-28 13:26:09,206  INFO - Cleaning up keyword SaveAccountDetails
2020-08-28 13:26:09,207  INFO - Keyword SaveAccountDetails complete.
2020-08-28 13:26:09,770 DEBUG - Arguments: {}
2020-08-28 13:26:10,485 DEBUG - <a href="screenshots/shot_2020-8-28_13h26m9s771ms.jpg">Screen Shot</a>
2020-08-28 13:26:10,486 DEBUG - Args: {}
2020-08-28 13:26:10,486  INFO - Initializing keyword CreateContactFromAccount
2020-08-28 13:26:10,486  INFO - Executing keyword CreateContactFromAccount
2020-08-28 13:30:03,618 ERROR - org.openqa.selenium.TimeoutException: Expected condition failed: waiting for element to be clickable: By.xpath: input[value='New End Customer Contact'] (tried for 150 second(s) with 500 MILLISECONDS interval)
	at org.openqa.selenium.support.ui.WebDriverWait.timeoutException(WebDriverWait.java:80)
	at org.openqa.selenium.support.ui.FluentWait.until(FluentWait.java:232)
	at com.qualitestgroup.keywords.common.ElementOperation.clickElementAfterReplacingKeyValue(ElementOperation.java:312)
	at com.qualitestgroup.keywords.classic.Classic$CreateContactFromAccount.exec(Classic.java:640)
	at com.qualitestgroup.kdt.Keyword.run(Keyword.java:153)
	at com.qualitestgroup.kdt.TestStep.run(TestStep.java:163)
	at com.qualitestgroup.kdt.TestCase.run(TestCase.java:327)
	at com.qualitestgroup.kdt.KDTDriver.run(KDTDriver.java:250)
	at com.qualitestgroup.kdt.KDTDriver.main(KDTDriver.java:571)
Caused by: org.openqa.selenium.NoSuchElementException: Cannot locate an element using By.xpath: input[value='New End Customer Contact']
For documentation on this error, please visit: http://seleniumhq.org/exceptions/no_such_element.html
Build info: version: '3.4.0', revision: 'unknown', time: 'unknown'
System info: host: 'QT-INBG-LT0557', ip: '10.31.235.98', os.name: 'Windows 10', os.arch: 'amd64', os.version: '10.0', java.version: '1.8.0_261'
Driver info: driver.version: KDTDriver
	at org.openqa.selenium.support.ui.ExpectedConditions.lambda$findElement$0(ExpectedConditions.java:883)
	at java.util.Optional.orElseThrow(Unknown Source)
	at org.openqa.selenium.support.ui.ExpectedConditions.findElement(ExpectedConditions.java:882)
	at org.openqa.selenium.support.ui.ExpectedConditions.access$000(ExpectedConditions.java:44)
	at org.openqa.selenium.support.ui.ExpectedConditions$7.apply(ExpectedConditions.java:206)
	at org.openqa.selenium.support.ui.ExpectedConditions$7.apply(ExpectedConditions.java:202)
	at org.openqa.selenium.support.ui.ExpectedConditions$22.apply(ExpectedConditions.java:644)
	at org.openqa.selenium.support.ui.ExpectedConditions$22.apply(ExpectedConditions.java:641)
	at org.openqa.selenium.support.ui.FluentWait.until(FluentWait.java:209)
	... 7 more

2020-08-28 13:30:03,619  INFO - Cleaning up keyword CreateContactFromAccount
2020-08-28 13:30:03,620  INFO - Keyword CreateContactFromAccount complete.
2020-08-28 13:30:04,306 DEBUG - Arguments: {}
2020-08-28 13:30:04,627 DEBUG - <a href="screenshots/shot_2020-8-28_13h30m4s307ms.jpg">Screen Shot</a>
2020-08-28 13:30:04,628 ERROR - Verify Creation of New Account run #1 failed.
2020-08-28 13:30:04,649  INFO - Verify Creation of New Account completed.
2020-08-28 13:30:06,948  INFO - Test Failed
